{
  "RSpec": {
    "coverage": {
      "/home/maddy/workspace/reservation/app/controllers/api/v1/tickets_controller.rb": [
        1,
        null,
        null,
        1,
        5,
        5,
        2,
        null,
        3,
        null,
        null,
        null,
        null,
        1,
        3,
        3,
        2,
        null,
        1,
        null,
        null,
        null,
        null,
        1,
        3,
        3,
        2,
        null,
        1,
        null,
        null,
        null,
        1,
        null,
        1,
        5,
        null,
        null,
        null,
        null,
        null,
        null,
        null,
        null,
        null,
        null,
        1,
        5,
        null,
        null,
        null,
        null,
        null,
        null,
        null,
        null,
        null
      ],
      "/home/maddy/workspace/reservation/app/controllers/api/base_controller.rb": [
        1,
        null,
        1,
        1,
        2,
        2,
        null,
        null,
        null,
        1,
        6,
        null,
        null,
        1,
        12,
        null,
        null
      ],
      "/home/maddy/workspace/reservation/app/models/excavator.rb": [
        1,
        1,
        1,
        null
      ],
      "/home/maddy/workspace/reservation/app/models/application_record.rb": [
        1,
        1,
        null
      ],
      "/home/maddy/workspace/reservation/app/models/ticket.rb": [
        1,
        1,
        null,
        1,
        1,
        1,
        null,
        1,
        9,
        9,
        9,
        5,
        5,
        null,
        null,
        6,
        null,
        null,
        1,
        1,
        null,
        null
      ],
      "/home/maddy/workspace/reservation/app/controllers/application_controller.rb": [
        0,
        0
      ],
      "/home/maddy/workspace/reservation/app/controllers/tickets_controller.rb": [
        0,
        null,
        null,
        0,
        0,
        0,
        null,
        null,
        0,
        0,
        0,
        0,
        0
      ]
    },
    "timestamp": 1559161260
  }
}
